C:\USERS\GERALD\DOCUMENTS\VISUAL STUDIO 2012\PROJECTS\PROJECT6\PROJECT6\DEBUG\LISTFUL.OBJ
C:\USERS\GERALD\DOCUMENTS\VISUAL STUDIO 2012\PROJECTS\PROJECT6\PROJECT6\DEBUG\SAVE.OBJ
C:\USERS\GERALD\DOCUMENTS\VISUAL STUDIO 2012\PROJECTS\PROJECT6\PROJECT6\DEBUG\SEARCH.OBJ
C:\USERS\GERALD\DOCUMENTS\VISUAL STUDIO 2012\PROJECTS\PROJECT6\PROJECT6\DEBUG\VC110.PDB
C:\USERS\GERALD\DOCUMENTS\GITHUB\CS2103-T11-2C\LISTFUL1\PROJECT6\DEBUG\LISTFUL.OBJ
C:\USERS\GERALD\DOCUMENTS\GITHUB\CS2103-T11-2C\LISTFUL1\PROJECT6\DEBUG\SAVE.OBJ
C:\USERS\GERALD\DOCUMENTS\GITHUB\CS2103-T11-2C\LISTFUL1\PROJECT6\DEBUG\SEARCH.OBJ
C:\USERS\GERALD\DOCUMENTS\GITHUB\CS2103-T11-2C\LISTFUL1\PROJECT6\DEBUG\VC110.PDB
C:\USERS\GERALD\DOCUMENTS\GITHUB\CS2103-T11-2C\LISTFUL1\PROJECT6\DEBUG\PARSER.OBJ
C:\USERS\GERALD\DOCUMENTS\GITHUB\CS2103-T11-2C\LISTFUL1\PROJECT6\DEBUG\USERINTERFACE.OBJ
C:\Users\gerald\Documents\GitHub\cs2103-t11-2c\Listful1\Project6\Debug\Listful.obj
C:\Users\gerald\Documents\GitHub\cs2103-t11-2c\Listful1\Project6\Debug\Parser.obj
C:\Users\gerald\Documents\GitHub\cs2103-t11-2c\Listful1\Project6\Debug\Save.obj
C:\Users\gerald\Documents\GitHub\cs2103-t11-2c\Listful1\Project6\Debug\Search.obj
C:\Users\gerald\Documents\GitHub\cs2103-t11-2c\Listful1\Project6\Debug\UserInterface.obj
C:\Users\gerald\Documents\GitHub\cs2103-t11-2c\Listful1\Project6\Debug\cl.command.1.tlog
C:\Users\gerald\Documents\GitHub\cs2103-t11-2c\Listful1\Project6\Debug\CL.read.1.tlog
C:\Users\gerald\Documents\GitHub\cs2103-t11-2c\Listful1\Project6\Debug\CL.write.1.tlog
C:\Users\gerald\Documents\GitHub\cs2103-t11-2c\Listful1\Project6\Debug\vc110.idb
C:\Users\gerald\Documents\GitHub\cs2103-t11-2c\Listful1\Project6\Debug\vc110.pdb
